c:\users\nightorius.phibian\source\repos\denveremu\denveremu\x64\release\denveremu.pch
c:\users\nightorius.phibian\source\repos\denveremu\denveremu\x64\release\vc141.pdb
c:\users\nightorius.phibian\source\repos\denveremu\denveremu\x64\release\stdafx.obj
c:\users\nightorius.phibian\source\repos\denveremu\denveremu\x64\release\nesvideo.obj
c:\users\nightorius.phibian\source\repos\denveremu\denveremu\x64\release\bus.obj
c:\users\nightorius.phibian\source\repos\denveremu\denveremu\x64\release\apu.obj
c:\users\nightorius.phibian\source\repos\denveremu\denveremu\x64\release\debug6k.obj
c:\users\nightorius.phibian\source\repos\denveremu\denveremu\x64\release\mainram.obj
c:\users\nightorius.phibian\source\repos\denveremu\denveremu\x64\release\rom.obj
c:\users\nightorius.phibian\source\repos\denveremu\denveremu\x64\release\mapper_001.obj
c:\users\nightorius.phibian\source\repos\denveremu\denveremu\x64\release\mapper_002.obj
c:\users\nightorius.phibian\source\repos\denveremu\denveremu\x64\release\cpu2a03_fast.obj
c:\users\nightorius.phibian\source\repos\denveremu\denveremu\x64\release\clock.obj
c:\users\nightorius.phibian\source\repos\denveremu\denveremu\x64\release\ppu.obj
c:\users\nightorius.phibian\source\repos\denveremu\denveremu\x64\release\denveremu.obj
c:\users\nightorius.phibian\source\repos\denveremu\x64\release\denveremu.ipdb
c:\users\nightorius.phibian\source\repos\denveremu\x64\release\denveremu.iobj
c:\users\nightorius.phibian\source\repos\denveremu\x64\release\denveremu.exe
c:\users\nightorius.phibian\source\repos\denveremu\denveremu\x64\release\apu.asm
c:\users\nightorius.phibian\source\repos\denveremu\denveremu\x64\release\bus.asm
c:\users\nightorius.phibian\source\repos\denveremu\denveremu\x64\release\debug6k.asm
c:\users\nightorius.phibian\source\repos\denveremu\denveremu\x64\release\mainram.asm
c:\users\nightorius.phibian\source\repos\denveremu\denveremu\x64\release\mapper_001.asm
c:\users\nightorius.phibian\source\repos\denveremu\denveremu\x64\release\mapper_002.asm
c:\users\nightorius.phibian\source\repos\denveremu\denveremu\x64\release\rom.asm
c:\users\nightorius.phibian\source\repos\denveremu\denveremu\x64\release\clock.asm
c:\users\nightorius.phibian\source\repos\denveremu\denveremu\x64\release\cpu2a03_fast.asm
c:\users\nightorius.phibian\source\repos\denveremu\denveremu\x64\release\denveremu.asm
c:\users\nightorius.phibian\source\repos\denveremu\denveremu\x64\release\stdafx.asm
c:\users\nightorius.phibian\source\repos\denveremu\denveremu\x64\release\nesvideo.asm
c:\users\nightorius.phibian\source\repos\denveremu\denveremu\x64\release\ppu.asm
c:\users\nightorius.phibian\source\repos\denveremu\x64\release\denveremu.pdb
c:\users\nightorius.phibian\source\repos\denveremu\denveremu\x64\release\denveremu.tlog\cl.command.1.tlog
c:\users\nightorius.phibian\source\repos\denveremu\denveremu\x64\release\denveremu.tlog\cl.read.1.tlog
c:\users\nightorius.phibian\source\repos\denveremu\denveremu\x64\release\denveremu.tlog\cl.write.1.tlog
c:\users\nightorius.phibian\source\repos\denveremu\denveremu\x64\release\denveremu.tlog\denveremu.write.1u.tlog
c:\users\nightorius.phibian\source\repos\denveremu\denveremu\x64\release\denveremu.tlog\link.command.1.tlog
c:\users\nightorius.phibian\source\repos\denveremu\denveremu\x64\release\denveremu.tlog\link.read.1.tlog
c:\users\nightorius.phibian\source\repos\denveremu\denveremu\x64\release\denveremu.tlog\link.write.1.tlog
