c:\users\nightorius.phibian\source\repos\denveremu\denveremu\release\vc141.pdb
c:\users\nightorius.phibian\source\repos\denveremu\denveremu\release\imgui_impl_opengl3.obj
c:\users\nightorius.phibian\source\repos\denveremu\denveremu\release\imgui_impl_opengl2.obj
c:\users\nightorius.phibian\source\repos\denveremu\denveremu\release\imguifiledialog.obj
c:\users\nightorius.phibian\source\repos\denveremu\denveremu\release\nes.obj
c:\users\nightorius.phibian\source\repos\denveremu\denveremu\release\dengui_main.obj
c:\users\nightorius.phibian\source\repos\denveremu\denveremu\release\denveremu.obj
c:\users\nightorius.phibian\source\repos\denveremu\denveremu\release\2a03_disasm.obj
c:\users\nightorius.phibian\source\repos\denveremu\denveremu\release\cpu2a03_fast.obj
c:\users\nightorius.phibian\source\repos\denveremu\denveremu\release\joypad.obj
c:\users\nightorius.phibian\source\repos\denveremu\denveremu\release\clock.obj
c:\users\nightorius.phibian\source\repos\denveremu\denveremu\release\rom.obj
c:\users\nightorius.phibian\source\repos\denveremu\denveremu\release\mapper_003.obj
c:\users\nightorius.phibian\source\repos\denveremu\denveremu\release\mapper_002.obj
c:\users\nightorius.phibian\source\repos\denveremu\denveremu\release\mapper_001.obj
c:\users\nightorius.phibian\source\repos\denveremu\denveremu\release\mainram.obj
c:\users\nightorius.phibian\source\repos\denveremu\denveremu\release\debug6k.obj
c:\users\nightorius.phibian\source\repos\denveremu\denveremu\release\cart.obj
c:\users\nightorius.phibian\source\repos\denveremu\denveremu\release\bus.obj
c:\users\nightorius.phibian\source\repos\denveremu\denveremu\release\audio.obj
c:\users\nightorius.phibian\source\repos\denveremu\denveremu\release\apu.obj
c:\users\nightorius.phibian\source\repos\denveremu\denveremu\release\ppu.obj
c:\users\nightorius.phibian\source\repos\denveremu\denveremu\release\nesvideo.obj
c:\users\nightorius.phibian\source\repos\denveremu\denveremu\release\2a03.obj
c:\users\nightorius.phibian\source\repos\denveremu\denveremu\release\imgui_widgets.obj
c:\users\nightorius.phibian\source\repos\denveremu\denveremu\release\imgui_tables.obj
c:\users\nightorius.phibian\source\repos\denveremu\denveremu\release\imgui_draw.obj
c:\users\nightorius.phibian\source\repos\denveremu\denveremu\release\imgui_demo.obj
c:\users\nightorius.phibian\source\repos\denveremu\denveremu\release\imgui.obj
c:\users\nightorius.phibian\source\repos\denveremu\denveremu\release\imgui_impl_sdlrenderer2.obj
c:\users\nightorius.phibian\source\repos\denveremu\denveremu\release\imgui_impl_sdl2.obj
c:\users\nightorius.phibian\source\repos\denveremu\release\denveremu.lib
c:\users\nightorius.phibian\source\repos\denveremu\release\denveremu.exp
c:\users\nightorius.phibian\source\repos\denveremu\release\denveremu.ipdb
c:\users\nightorius.phibian\source\repos\denveremu\release\denveremu.iobj
c:\users\nightorius.phibian\source\repos\denveremu\release\denveremu.exe
c:\users\nightorius.phibian\source\repos\denveremu\release\denveremu.pdb
c:\users\nightorius.phibian\source\repos\denveremu\denveremu\release\denveremu.tlog\cl.command.1.tlog
c:\users\nightorius.phibian\source\repos\denveremu\denveremu\release\denveremu.tlog\cl.read.1.tlog
c:\users\nightorius.phibian\source\repos\denveremu\denveremu\release\denveremu.tlog\cl.write.1.tlog
c:\users\nightorius.phibian\source\repos\denveremu\denveremu\release\denveremu.tlog\denveremu.write.1u.tlog
c:\users\nightorius.phibian\source\repos\denveremu\denveremu\release\denveremu.tlog\link.command.1.tlog
c:\users\nightorius.phibian\source\repos\denveremu\denveremu\release\denveremu.tlog\link.read.1.tlog
c:\users\nightorius.phibian\source\repos\denveremu\denveremu\release\denveremu.tlog\link.write.1.tlog
