  apu.cpp
  audio.cpp
c:\users\nightorius.phibian\source\repos\denveremu\denveremu\audio\audio.cpp(64): warning C4018: '<': signed/unsigned mismatch
  bus.cpp
  cart.cpp
  debug6k.cpp
  mainram.cpp
  mapper_001.cpp
  mapper_002.cpp
  mapper_003.cpp
  rom.cpp
  clock.cpp
  joypad.cpp
  cpu2a03_fast.cpp
  2a03_disasm.cpp
  DenverEMU.cpp
c:\users\nightorius.phibian\source\repos\denveremu\denveremu\denveremu.cpp(141): warning C4101: 'disasm': unreferenced local variable
  dengui_main.cpp
  nes.cpp
  ImGuiFileDialog.cpp
  imgui_impl_opengl2.cpp
  imgui_impl_opengl3.cpp
  Compiling...
  imgui_impl_sdl2.cpp
  imgui_impl_sdlrenderer2.cpp
  imgui.cpp
  imgui_demo.cpp
  imgui_draw.cpp
  imgui_tables.cpp
  imgui_widgets.cpp
  2a03.cpp
  nesvideo.cpp
  ppu.cpp
     Creating library C:\Users\nIghtorius.PHIBIAN\source\repos\DenverEMU\Release\DenverEMU.lib and object C:\Users\nIghtorius.PHIBIAN\source\repos\DenverEMU\Release\DenverEMU.exp
  Generating code
  All 5782 functions were compiled because no usable IPDB/IOBJ from previous compilation was found.
  Finished generating code
  DenverEMU.vcxproj -> C:\Users\nIghtorius.PHIBIAN\source\repos\DenverEMU\Release\DenverEMU.exe
